# JRE version: OpenJDK Runtime Environment Temurin-21.0.11+10 (21.0.11+10) (build 21.0.11+10-LTS)
# Java VM: OpenJDK 64-Bit Server VM Temurin-21.0.11+10 (21.0.11+10-LTS, mixed mode, sharing, tiered, compressed oops, compressed class ptrs, parallel gc, windows-amd64)
GC Precious Log:
 CardTable entry size: 512
 CPUs: 12 total, 12 available
 Memory: 16055M
 Large Page Support: Disabled
 NUMA Support: Disabled
 Compressed Oops: Enabled (32-bit)
 Alignments: Space 512K, Generation 512K, Heap 2M
 Heap Min Capacity: 100M
 Heap Initial Capacity: 100M
 Heap Max Capacity: 2G
 Pre-touch: Disabled
 Parallel Workers: 10
Heap:
 PSYoungGen      total 4608K, used 4224K [0x00000000d5580000, 0x00000000d5b80000, 0x0000000100000000)
  eden space 3584K, 100% used [0x00000000d5580000,0x00000000d5900000,0x00000000d5900000)
  from space 1024K, 62% used [0x00000000d5a80000,0x00000000d5b20000,0x00000000d5b80000)
  to   space 1024K, 0% used [0x00000000d5980000,0x00000000d5980000,0x00000000d5a80000)
 ParOldGen       total 317952K, used 317652K [0x0000000080000000, 0x0000000093680000, 0x00000000d5580000)
  object space 317952K, 99% used [0x0000000080000000,0x0000000093635248,0x0000000093680000)
 Metaspace       used 77565K, committed 79296K, reserved 1179648K
  class space    used 8770K, committed 9536K, reserved 1048576K
GC Heap History (20 events):
Event: 44.220 GC heap before
{Heap before GC invocations=490 (full 3):
 PSYoungGen      total 6656K, used 6539K [0x00000000d5580000, 0x00000000d5e00000, 0x0000000100000000)
  eden space 4608K, 100% used [0x00000000d5580000,0x00000000d5a00000,0x00000000d5a00000)
  from space 2048K, 94% used [0x00000000d5c00000,0x00000000d5de2fe8,0x00000000d5e00000)
  to   space 2048K, 0% used [0x00000000d5a00000,0x00000000d5a00000,0x00000000d5c00000)
 ParOldGen       total 311296K, used 311231K [0x0000000080000000, 0x0000000093000000, 0x00000000d5580000)
  object space 311296K, 99% used [0x0000000080000000,0x0000000092fefe50,0x0000000093000000)
 Metaspace       used 77147K, committed 78912K, reserved 1179648K
  class space    used 8707K, committed 9472K, reserved 1048576K
}
Event: 44.224 GC heap after
{Heap after GC invocations=490 (full 3):
 PSYoungGen      total 5120K, used 320K [0x00000000d5580000, 0x00000000d5c80000, 0x0000000100000000)
  eden space 4608K, 0% used [0x00000000d5580000,0x00000000d5580000,0x00000000d5a00000)
  from space 512K, 62% used [0x00000000d5a00000,0x00000000d5a50000,0x00000000d5a80000)
  to   space 1024K, 0% used [0x00000000d5b80000,0x00000000d5b80000,0x00000000d5c80000)
 ParOldGen       total 312320K, used 311927K [0x0000000080000000, 0x0000000093100000, 0x00000000d5580000)
  object space 312320K, 99% used [0x0000000080000000,0x000000009309de50,0x0000000093100000)
 Metaspace       used 77147K, committed 78912K, reserved 1179648K
  class space    used 8707K, committed 9472K, reserved 1048576K
}
Event: 44.247 GC heap before
{Heap before GC invocations=491 (full 3):
 PSYoungGen      total 5120K, used 4928K [0x00000000d5580000, 0x00000000d5c80000, 0x0000000100000000)
  eden space 4608K, 100% used [0x00000000d5580000,0x00000000d5a00000,0x00000000d5a00000)
  from space 512K, 62% used [0x00000000d5a00000,0x00000000d5a50000,0x00000000d5a80000)
  to   space 1024K, 0% used [0x00000000d5b80000,0x00000000d5b80000,0x00000000d5c80000)
 ParOldGen       total 312320K, used 311927K [0x0000000080000000, 0x0000000093100000, 0x00000000d5580000)
  object space 312320K, 99% used [0x0000000080000000,0x000000009309de50,0x0000000093100000)
 Metaspace       used 77154K, committed 78912K, reserved 1179648K
  class space    used 8707K, committed 9472K, reserved 1048576K
}
Event: 44.249 GC heap after
{Heap after GC invocations=491 (full 3):
 PSYoungGen      total 5632K, used 624K [0x00000000d5580000, 0x00000000d5c80000, 0x0000000100000000)
  eden space 4608K, 0% used [0x00000000d5580000,0x00000000d5580000,0x00000000d5a00000)
  from space 1024K, 60% used [0x00000000d5b80000,0x00000000d5c1c010,0x00000000d5c80000)
  to   space 1024K, 0% used [0x00000000d5a80000,0x00000000d5a80000,0x00000000d5b80000)
 ParOldGen       total 312320K, used 312007K [0x0000000080000000, 0x0000000093100000, 0x00000000d5580000)
  object space 312320K, 99% used [0x0000000080000000,0x00000000930b1e50,0x0000000093100000)
 Metaspace       used 77154K, committed 78912K, reserved 1179648K
  class space    used 8707K, committed 9472K, reserved 1048576K
}
Event: 44.300 GC heap before
{Heap before GC invocations=492 (full 3):
 PSYoungGen      total 5632K, used 5232K [0x00000000d5580000, 0x00000000d5c80000, 0x0000000100000000)
  eden space 4608K, 100% used [0x00000000d5580000,0x00000000d5a00000,0x00000000d5a00000)
  from space 1024K, 60% used [0x00000000d5b80000,0x00000000d5c1c010,0x00000000d5c80000)
  to   space 1024K, 0% used [0x00000000d5a80000,0x00000000d5a80000,0x00000000d5b80000)
 ParOldGen       total 312320K, used 312007K [0x0000000080000000, 0x0000000093100000, 0x00000000d5580000)
  object space 312320K, 99% used [0x0000000080000000,0x00000000930b1e70,0x0000000093100000)
 Metaspace       used 77174K, committed 78912K, reserved 1179648K
  class space    used 8709K, committed 9472K, reserved 1048576K
}
Event: 44.303 GC heap after
{Heap after GC invocations=492 (full 3):
 PSYoungGen      total 5632K, used 768K [0x00000000d5580000, 0x00000000d5c00000, 0x0000000100000000)
  eden space 4608K, 0% used [0x00000000d5580000,0x00000000d5580000,0x00000000d5a00000)
  from space 1024K, 75% used [0x00000000d5a80000,0x00000000d5b40000,0x00000000d5b80000)
  to   space 512K, 0% used [0x00000000d5b80000,0x00000000d5b80000,0x00000000d5c00000)
 ParOldGen       total 312832K, used 312460K [0x0000000080000000, 0x0000000093180000, 0x00000000d5580000)
  object space 312832K, 99% used [0x0000000080000000,0x0000000093123378,0x0000000093180000)
 Metaspace       used 77174K, committed 78912K, reserved 1179648K
  class space    used 8709K, committed 9472K, reserved 1048576K
}
Event: 44.347 GC heap before
{Heap before GC invocations=493 (full 3):
 PSYoungGen      total 5632K, used 5376K [0x00000000d5580000, 0x00000000d5c00000, 0x0000000100000000)
  eden space 4608K, 100% used [0x00000000d5580000,0x00000000d5a00000,0x00000000d5a00000)
  from space 1024K, 75% used [0x00000000d5a80000,0x00000000d5b40000,0x00000000d5b80000)
  to   space 512K, 0% used [0x00000000d5b80000,0x00000000d5b80000,0x00000000d5c00000)
 ParOldGen       total 312832K, used 312462K [0x0000000080000000, 0x0000000093180000, 0x00000000d5580000)
  object space 312832K, 99% used [0x0000000080000000,0x0000000093123af8,0x0000000093180000)
 Metaspace       used 77206K, committed 78912K, reserved 1179648K
  class space    used 8714K, committed 9472K, reserved 1048576K
}
Event: 44.351 GC heap after
{Heap after GC invocations=493 (full 3):
 PSYoungGen      total 5120K, used 512K [0x00000000d5580000, 0x00000000d5d00000, 0x0000000100000000)
  eden space 4608K, 0% used [0x00000000d5580000,0x00000000d5580000,0x00000000d5a00000)
  from space 512K, 100% used [0x00000000d5b80000,0x00000000d5c00000,0x00000000d5c00000)
  to   space 1536K, 0% used [0x00000000d5a00000,0x00000000d5a00000,0x00000000d5b80000)
 ParOldGen       total 313344K, used 313097K [0x0000000080000000, 0x0000000093200000, 0x00000000d5580000)
  object space 313344K, 99% used [0x0000000080000000,0x00000000931c2610,0x0000000093200000)
 Metaspace       used 77206K, committed 78912K, reserved 1179648K
  class space    used 8714K, committed 9472K, reserved 1048576K
}
Event: 44.391 GC heap before
{Heap before GC invocations=494 (full 3):
 PSYoungGen      total 5120K, used 5120K [0x00000000d5580000, 0x00000000d5d00000, 0x0000000100000000)
  eden space 4608K, 100% used [0x00000000d5580000,0x00000000d5a00000,0x00000000d5a00000)
  from space 512K, 100% used [0x00000000d5b80000,0x00000000d5c00000,0x00000000d5c00000)
  to   space 1536K, 0% used [0x00000000d5a00000,0x00000000d5a00000,0x00000000d5b80000)
 ParOldGen       total 313344K, used 313097K [0x0000000080000000, 0x0000000093200000, 0x00000000d5580000)
  object space 313344K, 99% used [0x0000000080000000,0x00000000931c2610,0x0000000093200000)
 Metaspace       used 77264K, committed 79040K, reserved 1179648K
  class space    used 8723K, committed 9536K, reserved 1048576K
}
Event: 44.396 GC heap after
{Heap after GC invocations=494 (full 3):
 PSYoungGen      total 5632K, used 688K [0x00000000d5580000, 0x00000000d5c00000, 0x0000000100000000)
  eden space 4608K, 0% used [0x00000000d5580000,0x00000000d5580000,0x00000000d5a00000)
  from space 1024K, 67% used [0x00000000d5a00000,0x00000000d5aac030,0x00000000d5b00000)
  to   space 1024K, 0% used [0x00000000d5b00000,0x00000000d5b00000,0x00000000d5c00000)
 ParOldGen       total 313856K, used 313548K [0x0000000080000000, 0x0000000093280000, 0x00000000d5580000)
  object space 313856K, 99% used [0x0000000080000000,0x0000000093233368,0x0000000093280000)
 Metaspace       used 77264K, committed 79040K, reserved 1179648K
  class space    used 8723K, committed 9536K, reserved 1048576K
}
Event: 44.448 GC heap before
{Heap before GC invocations=495 (full 3):
 PSYoungGen      total 5632K, used 5296K [0x00000000d5580000, 0x00000000d5c00000, 0x0000000100000000)
  eden space 4608K, 100% used [0x00000000d5580000,0x00000000d5a00000,0x00000000d5a00000)
  from space 1024K, 67% used [0x00000000d5a00000,0x00000000d5aac030,0x00000000d5b00000)
  to   space 1024K, 0% used [0x00000000d5b00000,0x00000000d5b00000,0x00000000d5c00000)
 ParOldGen       total 313856K, used 313548K [0x0000000080000000, 0x0000000093280000, 0x00000000d5580000)
  object space 313856K, 99% used [0x0000000080000000,0x0000000093233368,0x0000000093280000)
 Metaspace       used 77434K, committed 79232K, reserved 1179648K
  class space    used 8741K, committed 9536K, reserved 1048576K
}
Event: 44.451 GC heap after
{Heap after GC invocations=495 (full 3):
 PSYoungGen      total 4608K, used 1008K [0x00000000d5580000, 0x00000000d5e00000, 0x0000000100000000)
  eden space 3584K, 0% used [0x00000000d5580000,0x00000000d5580000,0x00000000d5900000)
  from space 1024K, 98% used [0x00000000d5b00000,0x00000000d5bfc010,0x00000000d5c00000)
  to   space 2048K, 0% used [0x00000000d5900000,0x00000000d5900000,0x00000000d5b00000)
 ParOldGen       total 314368K, used 314141K [0x0000000080000000, 0x0000000093300000, 0x00000000d5580000)
  object space 314368K, 99% used [0x0000000080000000,0x00000000932c7570,0x0000000093300000)
 Metaspace       used 77434K, committed 79232K, reserved 1179648K
  class space    used 8741K, committed 9536K, reserved 1048576K
}
Event: 44.468 GC heap before
{Heap before GC invocations=496 (full 3):
 PSYoungGen      total 4608K, used 4592K [0x00000000d5580000, 0x00000000d5e00000, 0x0000000100000000)
  eden space 3584K, 100% used [0x00000000d5580000,0x00000000d5900000,0x00000000d5900000)
  from space 1024K, 98% used [0x00000000d5b00000,0x00000000d5bfc010,0x00000000d5c00000)
  to   space 2048K, 0% used [0x00000000d5900000,0x00000000d5900000,0x00000000d5b00000)
 ParOldGen       total 314368K, used 314141K [0x0000000080000000, 0x0000000093300000, 0x00000000d5580000)
  object space 314368K, 99% used [0x0000000080000000,0x00000000932c7570,0x0000000093300000)
 Metaspace       used 77455K, committed 79232K, reserved 1179648K
  class space    used 8749K, committed 9536K, reserved 1048576K
}
Event: 44.472 GC heap after
{Heap after GC invocations=496 (full 3):
 PSYoungGen      total 5632K, used 1595K [0x00000000d5580000, 0x00000000d5d00000, 0x0000000100000000)
  eden space 3584K, 0% used [0x00000000d5580000,0x00000000d5580000,0x00000000d5900000)
  from space 2048K, 77% used [0x00000000d5900000,0x00000000d5a8efe8,0x00000000d5b00000)
  to   space 2048K, 0% used [0x00000000d5b00000,0x00000000d5b00000,0x00000000d5d00000)
 ParOldGen       total 315392K, used 315158K [0x0000000080000000, 0x0000000093400000, 0x00000000d5580000)
  object space 315392K, 99% used [0x0000000080000000,0x00000000933c5ae0,0x0000000093400000)
 Metaspace       used 77455K, committed 79232K, reserved 1179648K
  class space    used 8749K, committed 9536K, reserved 1048576K
}
Event: 44.485 GC heap before
{Heap before GC invocations=497 (full 3):
 PSYoungGen      total 5632K, used 5179K [0x00000000d5580000, 0x00000000d5d00000, 0x0000000100000000)
  eden space 3584K, 100% used [0x00000000d5580000,0x00000000d5900000,0x00000000d5900000)
  from space 2048K, 77% used [0x00000000d5900000,0x00000000d5a8efe8,0x00000000d5b00000)
  to   space 2048K, 0% used [0x00000000d5b00000,0x00000000d5b00000,0x00000000d5d00000)
 ParOldGen       total 315392K, used 315158K [0x0000000080000000, 0x0000000093400000, 0x00000000d5580000)
  object space 315392K, 99% used [0x0000000080000000,0x00000000933c5ae0,0x0000000093400000)
 Metaspace       used 77480K, committed 79232K, reserved 1179648K
  class space    used 8758K, committed 9536K, reserved 1048576K
}
Event: 44.488 GC heap after
{Heap after GC invocations=497 (full 3):
 PSYoungGen      total 4096K, used 256K [0x00000000d5580000, 0x00000000d5b80000, 0x0000000100000000)
  eden space 3584K, 0% used [0x00000000d5580000,0x00000000d5580000,0x00000000d5900000)
  from space 512K, 50% used [0x00000000d5b00000,0x00000000d5b40000,0x00000000d5b80000)
  to   space 1024K, 0% used [0x00000000d5980000,0x00000000d5980000,0x00000000d5a80000)
 ParOldGen       total 316416K, used 316262K [0x0000000080000000, 0x0000000093500000, 0x00000000d5580000)
  object space 316416K, 99% used [0x0000000080000000,0x00000000934d9af0,0x0000000093500000)
 Metaspace       used 77480K, committed 79232K, reserved 1179648K
  class space    used 8758K, committed 9536K, reserved 1048576K
}
Event: 44.502 GC heap before
{Heap before GC invocations=498 (full 3):
 PSYoungGen      total 4096K, used 3839K [0x00000000d5580000, 0x00000000d5b80000, 0x0000000100000000)
  eden space 3584K, 99% used [0x00000000d5580000,0x00000000d58fffc8,0x00000000d5900000)
  from space 512K, 50% used [0x00000000d5b00000,0x00000000d5b40000,0x00000000d5b80000)
  to   space 1024K, 0% used [0x00000000d5980000,0x00000000d5980000,0x00000000d5a80000)
 ParOldGen       total 316416K, used 316262K [0x0000000080000000, 0x0000000093500000, 0x00000000d5580000)
  object space 316416K, 99% used [0x0000000080000000,0x00000000934d9af0,0x0000000093500000)
 Metaspace       used 77529K, committed 79296K, reserved 1179648K
  class space    used 8769K, committed 9536K, reserved 1048576K
}
Event: 44.504 GC heap after
{Heap after GC invocations=498 (full 3):
 PSYoungGen      total 4608K, used 384K [0x00000000d5580000, 0x00000000d5b80000, 0x0000000100000000)
  eden space 3584K, 0% used [0x00000000d5580000,0x00000000d5580000,0x00000000d5900000)
  from space 1024K, 37% used [0x00000000d5980000,0x00000000d59e0000,0x00000000d5a80000)
  to   space 512K, 0% used [0x00000000d5b00000,0x00000000d5b00000,0x00000000d5b80000)
 ParOldGen       total 316416K, used 316342K [0x0000000080000000, 0x0000000093500000, 0x00000000d5580000)
  object space 316416K, 99% used [0x0000000080000000,0x00000000934edaf0,0x0000000093500000)
 Metaspace       used 77529K, committed 79296K, reserved 1179648K
  class space    used 8769K, committed 9536K, reserved 1048576K
}
Event: 44.535 GC heap before
{Heap before GC invocations=499 (full 3):
 PSYoungGen      total 4608K, used 3968K [0x00000000d5580000, 0x00000000d5b80000, 0x0000000100000000)
  eden space 3584K, 100% used [0x00000000d5580000,0x00000000d5900000,0x00000000d5900000)
  from space 1024K, 37% used [0x00000000d5980000,0x00000000d59e0000,0x00000000d5a80000)
  to   space 512K, 0% used [0x00000000d5b00000,0x00000000d5b00000,0x00000000d5b80000)
 ParOldGen       total 316416K, used 316342K [0x0000000080000000, 0x0000000093500000, 0x00000000d5580000)
  object space 316416K, 99% used [0x0000000080000000,0x00000000934edaf0,0x0000000093500000)
 Metaspace       used 77539K, committed 79296K, reserved 1179648K
  class space    used 8770K, committed 9536K, reserved 1048576K
}
Event: 44.537 GC heap after
{Heap after GC invocations=499 (full 3):
 PSYoungGen      total 4096K, used 512K [0x00000000d5580000, 0x00000000d5b80000, 0x0000000100000000)
  eden space 3584K, 0% used [0x00000000d5580000,0x00000000d5580000,0x00000000d5900000)
  from space 512K, 100% used [0x00000000d5b00000,0x00000000d5b80000,0x00000000d5b80000)
  to   space 1024K, 0% used [0x00000000d5980000,0x00000000d5980000,0x00000000d5a80000)
 ParOldGen       total 316928K, used 316574K [0x0000000080000000, 0x0000000093580000, 0x00000000d5580000)
  object space 316928K, 99% used [0x0000000080000000,0x0000000093527b00,0x0000000093580000)
 Metaspace       used 77539K, committed 79296K, reserved 1179648K
  class space    used 8770K, committed 9536K, reserved 1048576K
}

