# JRE version: OpenJDK Runtime Environment Temurin-21.0.11+10 (21.0.11+10) (build 21.0.11+10-LTS)
# Java VM: OpenJDK 64-Bit Server VM Temurin-21.0.11+10 (21.0.11+10-LTS, mixed mode, sharing, tiered, compressed oops, compressed class ptrs, parallel gc, windows-amd64)
GC Precious Log:
 CardTable entry size: 512
 CPUs: 12 total, 12 available
 Memory: 16055M
 Large Page Support: Disabled
 NUMA Support: Disabled
 Compressed Oops: Enabled (32-bit)
 Alignments: Space 512K, Generation 512K, Heap 2M
 Heap Min Capacity: 100M
 Heap Initial Capacity: 100M
 Heap Max Capacity: 2G
 Pre-touch: Disabled
 Parallel Workers: 10
Heap:
 PSYoungGen      total 3072K, used 2464K [0x00000000d5580000, 0x00000000d5980000, 0x0000000100000000)
  eden space 2048K, 100% used [0x00000000d5580000,0x00000000d5780000,0x00000000d5780000)
  from space 1024K, 40% used [0x00000000d5780000,0x00000000d57e8000,0x00000000d5880000)
  to   space 1024K, 43% used [0x00000000d5880000,0x00000000d58f0000,0x00000000d5980000)
 ParOldGen       total 122880K, used 122865K [0x0000000080000000, 0x0000000087800000, 0x00000000d5580000)
  object space 122880K, 99% used [0x0000000080000000,0x00000000877fc5f8,0x0000000087800000)
 Metaspace       used 76156K, committed 77888K, reserved 1179648K
  class space    used 8697K, committed 9472K, reserved 1048576K
GC Heap History (20 events):
Event: 49.340 GC heap before
{Heap before GC invocations=439 (full 4):
 PSYoungGen      total 1536K, used 1435K [0x00000000d5580000, 0x00000000d5800000, 0x0000000100000000)
  eden space 1024K, 100% used [0x00000000d5580000,0x00000000d5680000,0x00000000d5680000)
  from space 512K, 80% used [0x00000000d5700000,0x00000000d5766fd8,0x00000000d5780000)
  to   space 512K, 0% used [0x00000000d5780000,0x00000000d5780000,0x00000000d5800000)
 ParOldGen       total 118272K, used 118256K [0x0000000080000000, 0x0000000087380000, 0x00000000d5580000)
  object space 118272K, 99% used [0x0000000080000000,0x000000008737c278,0x0000000087380000)
 Metaspace       used 75848K, committed 77568K, reserved 1179648K
  class space    used 8691K, committed 9472K, reserved 1048576K
}
Event: 49.341 GC heap after
{Heap after GC invocations=439 (full 4):
 PSYoungGen      total 1024K, used 512K [0x00000000d5580000, 0x00000000d5980000, 0x0000000100000000)
  eden space 512K, 0% used [0x00000000d5580000,0x00000000d5580000,0x00000000d5600000)
  from space 512K, 100% used [0x00000000d5780000,0x00000000d5800000,0x00000000d5800000)
  to   space 1536K, 0% used [0x00000000d5600000,0x00000000d5600000,0x00000000d5780000)
 ParOldGen       total 118784K, used 118705K [0x0000000080000000, 0x0000000087400000, 0x00000000d5580000)
  object space 118784K, 99% used [0x0000000080000000,0x00000000873ec728,0x0000000087400000)
 Metaspace       used 75848K, committed 77568K, reserved 1179648K
  class space    used 8691K, committed 9472K, reserved 1048576K
}
Event: 49.345 GC heap before
{Heap before GC invocations=440 (full 4):
 PSYoungGen      total 1024K, used 1023K [0x00000000d5580000, 0x00000000d5980000, 0x0000000100000000)
  eden space 512K, 99% used [0x00000000d5580000,0x00000000d55ffff0,0x00000000d5600000)
  from space 512K, 100% used [0x00000000d5780000,0x00000000d5800000,0x00000000d5800000)
  to   space 1536K, 0% used [0x00000000d5600000,0x00000000d5600000,0x00000000d5780000)
 ParOldGen       total 118784K, used 118705K [0x0000000080000000, 0x0000000087400000, 0x00000000d5580000)
  object space 118784K, 99% used [0x0000000080000000,0x00000000873ec728,0x0000000087400000)
 Metaspace       used 75848K, committed 77568K, reserved 1179648K
  class space    used 8691K, committed 9472K, reserved 1048576K
}
Event: 49.347 GC heap after
{Heap after GC invocations=440 (full 4):
 PSYoungGen      total 1024K, used 448K [0x00000000d5580000, 0x00000000d5800000, 0x0000000100000000)
  eden space 512K, 0% used [0x00000000d5580000,0x00000000d5580000,0x00000000d5600000)
  from space 512K, 87% used [0x00000000d5600000,0x00000000d5670000,0x00000000d5680000)
  to   space 1024K, 0% used [0x00000000d5700000,0x00000000d5700000,0x00000000d5800000)
 ParOldGen       total 119296K, used 119265K [0x0000000080000000, 0x0000000087480000, 0x00000000d5580000)
  object space 119296K, 99% used [0x0000000080000000,0x0000000087478738,0x0000000087480000)
 Metaspace       used 75848K, committed 77568K, reserved 1179648K
  class space    used 8691K, committed 9472K, reserved 1048576K
}
Event: 49.349 GC heap before
{Heap before GC invocations=441 (full 4):
 PSYoungGen      total 1024K, used 960K [0x00000000d5580000, 0x00000000d5800000, 0x0000000100000000)
  eden space 512K, 100% used [0x00000000d5580000,0x00000000d5600000,0x00000000d5600000)
  from space 512K, 87% used [0x00000000d5600000,0x00000000d5670000,0x00000000d5680000)
  to   space 1024K, 0% used [0x00000000d5700000,0x00000000d5700000,0x00000000d5800000)
 ParOldGen       total 119296K, used 119265K [0x0000000080000000, 0x0000000087480000, 0x00000000d5580000)
  object space 119296K, 99% used [0x0000000080000000,0x0000000087478738,0x0000000087480000)
 Metaspace       used 75848K, committed 77568K, reserved 1179648K
  class space    used 8691K, committed 9472K, reserved 1048576K
}
Event: 49.351 GC heap after
{Heap after GC invocations=441 (full 4):
 PSYoungGen      total 1536K, used 352K [0x00000000d5580000, 0x00000000d5780000, 0x0000000100000000)
  eden space 1024K, 0% used [0x00000000d5580000,0x00000000d5580000,0x00000000d5680000)
  from space 512K, 68% used [0x00000000d5700000,0x00000000d5758010,0x00000000d5780000)
  to   space 512K, 0% used [0x00000000d5680000,0x00000000d5680000,0x00000000d5700000)
 ParOldGen       total 119808K, used 119609K [0x0000000080000000, 0x0000000087500000, 0x00000000d5580000)
  object space 119808K, 99% used [0x0000000080000000,0x00000000874ce738,0x0000000087500000)
 Metaspace       used 75848K, committed 77568K, reserved 1179648K
  class space    used 8691K, committed 9472K, reserved 1048576K
}
Event: 49.355 GC heap before
{Heap before GC invocations=442 (full 4):
 PSYoungGen      total 1536K, used 1376K [0x00000000d5580000, 0x00000000d5780000, 0x0000000100000000)
  eden space 1024K, 100% used [0x00000000d5580000,0x00000000d5680000,0x00000000d5680000)
  from space 512K, 68% used [0x00000000d5700000,0x00000000d5758010,0x00000000d5780000)
  to   space 512K, 0% used [0x00000000d5680000,0x00000000d5680000,0x00000000d5700000)
 ParOldGen       total 119808K, used 119609K [0x0000000080000000, 0x0000000087500000, 0x00000000d5580000)
  object space 119808K, 99% used [0x0000000080000000,0x00000000874ce738,0x0000000087500000)
 Metaspace       used 75848K, committed 77568K, reserved 1179648K
  class space    used 8691K, committed 9472K, reserved 1048576K
}
Event: 49.357 GC heap after
{Heap after GC invocations=442 (full 4):
 PSYoungGen      total 1536K, used 512K [0x00000000d5580000, 0x00000000d5a00000, 0x0000000100000000)
  eden space 1024K, 0% used [0x00000000d5580000,0x00000000d5580000,0x00000000d5680000)
  from space 512K, 100% used [0x00000000d5680000,0x00000000d5700000,0x00000000d5700000)
  to   space 1536K, 0% used [0x00000000d5880000,0x00000000d5880000,0x00000000d5a00000)
 ParOldGen       total 120320K, used 120049K [0x0000000080000000, 0x0000000087580000, 0x00000000d5580000)
  object space 120320K, 99% used [0x0000000080000000,0x000000008753c748,0x0000000087580000)
 Metaspace       used 75848K, committed 77568K, reserved 1179648K
  class space    used 8691K, committed 9472K, reserved 1048576K
}
Event: 49.359 GC heap before
{Heap before GC invocations=443 (full 4):
 PSYoungGen      total 1536K, used 1535K [0x00000000d5580000, 0x00000000d5a00000, 0x0000000100000000)
  eden space 1024K, 99% used [0x00000000d5580000,0x00000000d567ffd8,0x00000000d5680000)
  from space 512K, 100% used [0x00000000d5680000,0x00000000d5700000,0x00000000d5700000)
  to   space 1536K, 0% used [0x00000000d5880000,0x00000000d5880000,0x00000000d5a00000)
 ParOldGen       total 120320K, used 120049K [0x0000000080000000, 0x0000000087580000, 0x00000000d5580000)
  object space 120320K, 99% used [0x0000000080000000,0x000000008753c748,0x0000000087580000)
 Metaspace       used 75848K, committed 77568K, reserved 1179648K
  class space    used 8691K, committed 9472K, reserved 1048576K
}
Event: 49.360 GC heap after
{Heap after GC invocations=443 (full 4):
 PSYoungGen      total 2048K, used 224K [0x00000000d5580000, 0x00000000d5900000, 0x0000000100000000)
  eden space 1536K, 0% used [0x00000000d5580000,0x00000000d5580000,0x00000000d5700000)
  from space 512K, 43% used [0x00000000d5880000,0x00000000d58b8000,0x00000000d5900000)
  to   space 512K, 0% used [0x00000000d5800000,0x00000000d5800000,0x00000000d5880000)
 ParOldGen       total 120832K, used 120609K [0x0000000080000000, 0x0000000087600000, 0x00000000d5580000)
  object space 120832K, 99% used [0x0000000080000000,0x00000000875c8748,0x0000000087600000)
 Metaspace       used 75848K, committed 77568K, reserved 1179648K
  class space    used 8691K, committed 9472K, reserved 1048576K
}
Event: 49.398 GC heap before
{Heap before GC invocations=444 (full 4):
 PSYoungGen      total 2048K, used 1760K [0x00000000d5580000, 0x00000000d5900000, 0x0000000100000000)
  eden space 1536K, 100% used [0x00000000d5580000,0x00000000d5700000,0x00000000d5700000)
  from space 512K, 43% used [0x00000000d5880000,0x00000000d58b8000,0x00000000d5900000)
  to   space 512K, 0% used [0x00000000d5800000,0x00000000d5800000,0x00000000d5880000)
 ParOldGen       total 120832K, used 120609K [0x0000000080000000, 0x0000000087600000, 0x00000000d5580000)
  object space 120832K, 99% used [0x0000000080000000,0x00000000875c8748,0x0000000087600000)
 Metaspace       used 75880K, committed 77632K, reserved 1179648K
  class space    used 8691K, committed 9472K, reserved 1048576K
}
Event: 49.400 GC heap after
{Heap after GC invocations=444 (full 4):
 PSYoungGen      total 2560K, used 466K [0x00000000d5580000, 0x00000000d5980000, 0x0000000100000000)
  eden space 2048K, 0% used [0x00000000d5580000,0x00000000d5580000,0x00000000d5780000)
  from space 512K, 91% used [0x00000000d5800000,0x00000000d5874960,0x00000000d5880000)
  to   space 1024K, 0% used [0x00000000d5880000,0x00000000d5880000,0x00000000d5980000)
 ParOldGen       total 120832K, used 120665K [0x0000000080000000, 0x0000000087600000, 0x00000000d5580000)
  object space 120832K, 99% used [0x0000000080000000,0x00000000875d6748,0x0000000087600000)
 Metaspace       used 75880K, committed 77632K, reserved 1179648K
  class space    used 8691K, committed 9472K, reserved 1048576K
}
Event: 49.501 GC heap before
{Heap before GC invocations=445 (full 4):
 PSYoungGen      total 2560K, used 2514K [0x00000000d5580000, 0x00000000d5980000, 0x0000000100000000)
  eden space 2048K, 100% used [0x00000000d5580000,0x00000000d5780000,0x00000000d5780000)
  from space 512K, 91% used [0x00000000d5800000,0x00000000d5874960,0x00000000d5880000)
  to   space 1024K, 0% used [0x00000000d5880000,0x00000000d5880000,0x00000000d5980000)
 ParOldGen       total 120832K, used 120665K [0x0000000080000000, 0x0000000087600000, 0x00000000d5580000)
  object space 120832K, 99% used [0x0000000080000000,0x00000000875d6748,0x0000000087600000)
 Metaspace       used 75952K, committed 77696K, reserved 1179648K
  class space    used 8693K, committed 9472K, reserved 1048576K
}
Event: 49.503 GC heap after
{Heap after GC invocations=445 (full 4):
 PSYoungGen      total 3072K, used 809K [0x00000000d5580000, 0x00000000d5980000, 0x0000000100000000)
  eden space 2048K, 0% used [0x00000000d5580000,0x00000000d5580000,0x00000000d5780000)
  from space 1024K, 79% used [0x00000000d5880000,0x00000000d594a580,0x00000000d5980000)
  to   space 1024K, 0% used [0x00000000d5780000,0x00000000d5780000,0x00000000d5880000)
 ParOldGen       total 121344K, used 120880K [0x0000000080000000, 0x0000000087680000, 0x00000000d5580000)
  object space 121344K, 99% used [0x0000000080000000,0x000000008760c338,0x0000000087680000)
 Metaspace       used 75952K, committed 77696K, reserved 1179648K
  class space    used 8693K, committed 9472K, reserved 1048576K
}
Event: 49.597 GC heap before
{Heap before GC invocations=446 (full 4):
 PSYoungGen      total 3072K, used 2857K [0x00000000d5580000, 0x00000000d5980000, 0x0000000100000000)
  eden space 2048K, 100% used [0x00000000d5580000,0x00000000d5780000,0x00000000d5780000)
  from space 1024K, 79% used [0x00000000d5880000,0x00000000d594a580,0x00000000d5980000)
  to   space 1024K, 0% used [0x00000000d5780000,0x00000000d5780000,0x00000000d5880000)
 ParOldGen       total 121344K, used 120880K [0x0000000080000000, 0x0000000087680000, 0x00000000d5580000)
  object space 121344K, 99% used [0x0000000080000000,0x000000008760c338,0x0000000087680000)
 Metaspace       used 76037K, committed 77760K, reserved 1179648K
  class space    used 8696K, committed 9472K, reserved 1048576K
}
Event: 49.601 GC heap after
{Heap after GC invocations=446 (full 4):
 PSYoungGen      total 3072K, used 944K [0x00000000d5580000, 0x00000000d5980000, 0x0000000100000000)
  eden space 2048K, 0% used [0x00000000d5580000,0x00000000d5580000,0x00000000d5780000)
  from space 1024K, 92% used [0x00000000d5780000,0x00000000d586c010,0x00000000d5880000)
  to   space 1024K, 0% used [0x00000000d5880000,0x00000000d5880000,0x00000000d5980000)
 ParOldGen       total 121856K, used 121371K [0x0000000080000000, 0x0000000087700000, 0x00000000d5580000)
  object space 121856K, 99% used [0x0000000080000000,0x0000000087686f88,0x0000000087700000)
 Metaspace       used 76037K, committed 77760K, reserved 1179648K
  class space    used 8696K, committed 9472K, reserved 1048576K
}
Event: 49.680 GC heap before
{Heap before GC invocations=447 (full 4):
 PSYoungGen      total 3072K, used 2992K [0x00000000d5580000, 0x00000000d5980000, 0x0000000100000000)
  eden space 2048K, 100% used [0x00000000d5580000,0x00000000d5780000,0x00000000d5780000)
  from space 1024K, 92% used [0x00000000d5780000,0x00000000d586c010,0x00000000d5880000)
  to   space 1024K, 0% used [0x00000000d5880000,0x00000000d5880000,0x00000000d5980000)
 ParOldGen       total 121856K, used 121371K [0x0000000080000000, 0x0000000087700000, 0x00000000d5580000)
  object space 121856K, 99% used [0x0000000080000000,0x0000000087686f88,0x0000000087700000)
 Metaspace       used 76088K, committed 77824K, reserved 1179648K
  class space    used 8696K, committed 9472K, reserved 1048576K
}
Event: 49.683 GC heap after
{Heap after GC invocations=447 (full 4):
 PSYoungGen      total 3072K, used 640K [0x00000000d5580000, 0x00000000d5980000, 0x0000000100000000)
  eden space 2048K, 0% used [0x00000000d5580000,0x00000000d5580000,0x00000000d5780000)
  from space 1024K, 62% used [0x00000000d5880000,0x00000000d5920250,0x00000000d5980000)
  to   space 1024K, 0% used [0x00000000d5780000,0x00000000d5780000,0x00000000d5880000)
 ParOldGen       total 122368K, used 122218K [0x0000000080000000, 0x0000000087780000, 0x00000000d5580000)
  object space 122368K, 99% used [0x0000000080000000,0x000000008775a9f8,0x0000000087780000)
 Metaspace       used 76088K, committed 77824K, reserved 1179648K
  class space    used 8696K, committed 9472K, reserved 1048576K
}
Event: 49.755 GC heap before
{Heap before GC invocations=448 (full 4):
 PSYoungGen      total 3072K, used 2688K [0x00000000d5580000, 0x00000000d5980000, 0x0000000100000000)
  eden space 2048K, 100% used [0x00000000d5580000,0x00000000d5780000,0x00000000d5780000)
  from space 1024K, 62% used [0x00000000d5880000,0x00000000d5920250,0x00000000d5980000)
  to   space 1024K, 0% used [0x00000000d5780000,0x00000000d5780000,0x00000000d5880000)
 ParOldGen       total 122368K, used 122218K [0x0000000080000000, 0x0000000087780000, 0x00000000d5580000)
  object space 122368K, 99% used [0x0000000080000000,0x000000008775a9f8,0x0000000087780000)
 Metaspace       used 76104K, committed 77824K, reserved 1179648K
  class space    used 8696K, committed 9472K, reserved 1048576K
}
Event: 49.757 GC heap after
{Heap after GC invocations=448 (full 4):
 PSYoungGen      total 3072K, used 416K [0x00000000d5580000, 0x00000000d5980000, 0x0000000100000000)
  eden space 2048K, 0% used [0x00000000d5580000,0x00000000d5580000,0x00000000d5780000)
  from space 1024K, 40% used [0x00000000d5780000,0x00000000d57e8000,0x00000000d5880000)
  to   space 1024K, 0% used [0x00000000d5880000,0x00000000d5880000,0x00000000d5980000)
 ParOldGen       total 122880K, used 122591K [0x0000000080000000, 0x0000000087800000, 0x00000000d5580000)
  object space 122880K, 99% used [0x0000000080000000,0x00000000877b7da0,0x0000000087800000)
 Metaspace       used 76104K, committed 77824K, reserved 1179648K
  class space    used 8696K, committed 9472K, reserved 1048576K
}

